<?xml version="1.0" encoding="UTF-8"?>
<!-- Generated by org.testng.reporters.JUnitReportReporter -->
<testsuite skipped="0" hostname="DESKTOP-JERBR0I" name="com.testcases.Popcorn" tests="8" failures="0" timestamp="2021-01-17T00:14:05 GMT" time="0.413" errors="0">
  <testcase name="get_PromotionAPI_StatusCode" time="0.010" classname="com.testcases.Popcorn"/>
  <system-out/>
  <testcase name="invalidAPIKeyValidation" time="0.159" classname="com.testcases.Popcorn"/>
  <system-out/>
  <testcase name="validate_Image" time="0.001" classname="com.testcases.Popcorn"/>
  <system-out/>
  <testcase name="validate_Properties" time="0.002" classname="com.testcases.Popcorn"/>
  <system-out/>
  <testcase name="validate_LocalisedText" time="0.000" classname="com.testcases.Popcorn"/>
  <system-out/>
  <testcase name="ResponseBodyDataValidation" time="0.239" classname="com.testcases.Popcorn"/>
  <system-out/>
  <testcase name="promotionAPIResponseValidation" time="0.001" classname="com.testcases.Popcorn"/>
  <system-out/>
  <testcase name="validate_PromoArea" time="0.001" classname="com.testcases.Popcorn"/>
  <system-out/>
</testsuite> <!-- com.testcases.Popcorn -->
